#-----------------------------------------------------------
# Vivado v2018.2 (64-bit)
# SW Build 2258646 on Thu Jun 14 20:03:12 MDT 2018
# IP Build 2256618 on Thu Jun 14 22:10:49 MDT 2018
# Start of session at: Mon Mar 18 20:56:03 2024
# Process ID: 11704
# Current directory: C:/ECE281_code/ece281-lab3
# Command line: vivado.exe -gui_launcher_event rodinguilauncherevent19332 C:\ECE281_code\ece281-lab3\thunderbird.xpr
# Log file: C:/ECE281_code/ece281-lab3/vivado.log
# Journal file: C:/ECE281_code/ece281-lab3\vivado.jou
#-----------------------------------------------------------
start_gui
open_project C:/ECE281_code/ece281-lab3/thunderbird.xpr
Scanning sources...
Finished scanning sources
WARNING: [filemgmt 56-3] IPUserFilesDir: Could not find the directory 'C:/ECE281_code/ece281-lab3/thunderbird.ip_user_files'.
INFO: [IP_Flow 19-234] Refreshing IP repositories
INFO: [IP_Flow 19-1704] No user IP repositories specified
INFO: [IP_Flow 19-2313] Loaded Vivado IP repository 'C:/Xilinx/Vivado/2018.2/data/ip'.
open_project: Time (s): cpu = 00:00:03 ; elapsed = 00:00:05 . Memory (MB): peak = 772.281 ; gain = 48.711
update_compile_order -fileset sources_1
set_property top top_basys3 [current_fileset]
update_compile_order -fileset sources_1
exit
INFO: [Common 17-206] Exiting Vivado at Mon Mar 18 22:36:58 2024...
